[debug] [2022-07-16T04:35:26.111Z] ----------------------------------------------------------------------
[debug] [2022-07-16T04:35:26.113Z] Command:       C:\Program Files\nodejs\node.exe C:\Users\fchen\AppData\Roaming\npm\node_modules\firebase-tools\lib\bin\firebase.js init
[debug] [2022-07-16T04:35:26.114Z] CLI Version:   10.0.1
[debug] [2022-07-16T04:35:26.114Z] Platform:      win32
[debug] [2022-07-16T04:35:26.114Z] Node Version:  v16.13.0
[debug] [2022-07-16T04:35:26.114Z] Time:          Fri Jul 15 2022 21:35:26 GMT-0700 (Pacific Daylight Time)
[debug] [2022-07-16T04:35:26.115Z] ----------------------------------------------------------------------
[debug] 
[debug] [2022-07-16T04:35:26.122Z] > command requires scopes: ["email","openid","https://www.googleapis.com/auth/cloudplatformprojects.readonly","https://www.googleapis.com/auth/firebase","https://www.googleapis.com/auth/cloud-platform"]
[debug] [2022-07-16T04:35:26.123Z] > authorizing via signed-in user (anchen082019@gmail.com)
[info] 
     ######## #### ########  ######## ########     ###     ######  ########
     ##        ##  ##     ## ##       ##     ##  ##   ##  ##       ##
     ######    ##  ########  ######   ########  #########  ######  ######
     ##        ##  ##    ##  ##       ##     ## ##     ##       ## ##
     ##       #### ##     ## ######## ########  ##     ##  ######  ########

You're about to initialize a Firebase project in this directory:

  C:\Projects\takeout

Before we get started, keep in mind:

  * You are currently outside your home directory

[info] 
=== Project Setup
[info] 
[info] First, let's associate this project directory with a Firebase project.
[info] You can create multiple project aliases by running firebase use --add, 
[info] but for now we'll just set up a default project.
[info] 
[debug] [2022-07-16T04:37:05.440Z] > refreshing access token with scopes: []
[debug] [2022-07-16T04:37:05.440Z] >>> HTTP REQUEST POST https://www.googleapis.com/oauth2/v3/token  
 <request body omitted>
[debug] [2022-07-16T04:37:05.592Z] <<< HTTP RESPONSE 200 {"expires":"Mon, 01 Jan 1990 00:00:00 GMT","cache-control":"no-cache, no-store, max-age=0, must-revalidate","date":"Sat, 16 Jul 2022 04:37:05 GMT","pragma":"no-cache","content-type":"application/json; charset=utf-8","vary":"X-Origin, Referer, Origin,Accept-Encoding","server":"scaffolding on HTTPServer2","x-xss-protection":"0","x-frame-options":"SAMEORIGIN","x-content-type-options":"nosniff","alt-svc":"h3=\":443\"; ma=2592000,h3-29=\":443\"; ma=2592000,h3-Q050=\":443\"; ma=2592000,h3-Q046=\":443\"; ma=2592000,h3-Q043=\":443\"; ma=2592000,quic=\":443\"; ma=2592000; v=\"46,43\"","accept-ranges":"none","transfer-encoding":"chunked"}
[debug] [2022-07-16T04:37:05.614Z] >>> [apiv2][query] GET https://firebase.googleapis.com/v1beta1/projects pageSize=100
[debug] [2022-07-16T04:37:06.206Z] <<< [apiv2][status] GET https://firebase.googleapis.com/v1beta1/projects 200
[debug] [2022-07-16T04:37:06.206Z] <<< [apiv2][body] GET https://firebase.googleapis.com/v1beta1/projects [omitted]
[debug] [2022-07-16T04:37:31.498Z] ----------------------------------------------------------------------
[debug] [2022-07-16T04:37:31.500Z] Command:       C:\Program Files\nodejs\node.exe C:\Users\fchen\AppData\Roaming\npm\node_modules\firebase-tools\lib\bin\firebase.js init
[debug] [2022-07-16T04:37:31.500Z] CLI Version:   10.0.1
[debug] [2022-07-16T04:37:31.501Z] Platform:      win32
[debug] [2022-07-16T04:37:31.501Z] Node Version:  v16.13.0
[debug] [2022-07-16T04:37:31.501Z] Time:          Fri Jul 15 2022 21:37:31 GMT-0700 (Pacific Daylight Time)
[debug] [2022-07-16T04:37:31.501Z] ----------------------------------------------------------------------
[debug] 
[debug] [2022-07-16T04:37:31.507Z] > command requires scopes: ["email","openid","https://www.googleapis.com/auth/cloudplatformprojects.readonly","https://www.googleapis.com/auth/firebase","https://www.googleapis.com/auth/cloud-platform"]
[debug] [2022-07-16T04:37:31.508Z] > authorizing via signed-in user (anchen082019@gmail.com)
[info] 
     ######## #### ########  ######## ########     ###     ######  ########
     ##        ##  ##     ## ##       ##     ##  ##   ##  ##       ##
     ######    ##  ########  ######   ########  #########  ######  ######
     ##        ##  ##    ##  ##       ##     ## ##     ##       ## ##
     ##       #### ##     ## ######## ########  ##     ##  ######  ########

You're about to initialize a Firebase project in this directory:

  C:\Projects\takeout

Before we get started, keep in mind:

  * You are currently outside your home directory

[info] 
=== Project Setup
[info] 
[info] First, let's associate this project directory with a Firebase project.
[info] You can create multiple project aliases by running firebase use --add, 
[info] but for now we'll just set up a default project.
[info] 
[info] i  If you want to create a project in a Google Cloud organization or folder, please use "firebase projects:create" instead, and return to this command when you've created the project. 
